2024-03-14 04:45:48,598 CRIT Supervisor is running as root.  Privileges were not dropped because no user is specified in the config file.  If you intend to run as root, you can set user=root in the config file to avoid this message.
2024-03-14 04:45:48,603 INFO Included extra file "/etc/supervisor.d/cron.conf" during parsing
2024-03-14 04:45:48,605 INFO Included extra file "/etc/supervisor.d/horizon.conf" during parsing
2024-03-14 04:45:48,607 INFO Included extra file "/etc/supervisor.d/php-fpm.conf" during parsing
2024-03-14 04:45:48,637 INFO supervisord started with pid 1
2024-03-14 04:45:49,655 INFO spawned: 'cron-job' with pid 11
2024-03-14 04:45:49,683 INFO spawned: 'horizon' with pid 12
2024-03-14 04:45:49,703 INFO spawned: 'php-fpm' with pid 13
2024-03-14 04:45:50,998 INFO success: cron-job entered RUNNING state, process has stayed up for > than 1 seconds (startsecs)
2024-03-14 04:45:51,001 INFO success: horizon entered RUNNING state, process has stayed up for > than 1 seconds (startsecs)
2024-03-14 04:45:51,008 INFO success: php-fpm entered RUNNING state, process has stayed up for > than 1 seconds (startsecs)
2024-03-14 04:46:12,110 WARN exited: horizon (exit status 1; not expected)
2024-03-14 04:46:13,162 INFO spawned: 'horizon' with pid 21
2024-03-14 04:46:14,166 INFO success: horizon entered RUNNING state, process has stayed up for > than 1 seconds (startsecs)
2024-03-14 04:46:15,508 WARN exited: horizon (exit status 1; not expected)
2024-03-14 04:46:16,525 INFO spawned: 'horizon' with pid 24
2024-03-14 04:46:17,533 INFO success: horizon entered RUNNING state, process has stayed up for > than 1 seconds (startsecs)
2024-03-14 04:46:18,308 WARN exited: horizon (exit status 1; not expected)
2024-03-14 04:46:19,317 INFO spawned: 'horizon' with pid 27
2024-03-14 04:46:20,321 INFO success: horizon entered RUNNING state, process has stayed up for > than 1 seconds (startsecs)
2024-03-14 04:46:21,944 WARN exited: horizon (exit status 1; not expected)
2024-03-14 04:46:22,968 INFO spawned: 'horizon' with pid 30
2024-03-14 04:46:23,980 INFO success: horizon entered RUNNING state, process has stayed up for > than 1 seconds (startsecs)
2024-03-14 04:46:27,225 WARN exited: horizon (exit status 1; not expected)
2024-03-14 04:46:27,616 INFO spawned: 'horizon' with pid 35
2024-03-14 04:46:28,625 INFO success: horizon entered RUNNING state, process has stayed up for > than 1 seconds (startsecs)
2024-03-14 04:46:30,014 WARN exited: horizon (exit status 1; not expected)
2024-03-14 04:46:31,031 INFO spawned: 'horizon' with pid 38
2024-03-14 04:46:32,033 INFO success: horizon entered RUNNING state, process has stayed up for > than 1 seconds (startsecs)
2024-03-14 04:46:32,529 WARN exited: horizon (exit status 1; not expected)
2024-03-14 04:46:33,537 INFO spawned: 'horizon' with pid 41
2024-03-14 04:46:34,557 INFO success: horizon entered RUNNING state, process has stayed up for > than 1 seconds (startsecs)
2024-03-14 04:46:35,572 WARN exited: horizon (exit status 1; not expected)
2024-03-14 04:46:38,862 INFO spawned: 'horizon' with pid 44
2024-03-14 04:46:40,080 INFO success: horizon entered RUNNING state, process has stayed up for > than 1 seconds (startsecs)
2024-03-14 04:46:43,219 WARN exited: horizon (exit status 1; not expected)
2024-03-14 04:46:44,237 INFO spawned: 'horizon' with pid 47
2024-03-14 04:46:45,242 INFO success: horizon entered RUNNING state, process has stayed up for > than 1 seconds (startsecs)
2024-03-14 04:46:45,669 WARN exited: horizon (exit status 1; not expected)
2024-03-14 04:46:46,676 INFO spawned: 'horizon' with pid 50
2024-03-14 04:46:47,856 INFO success: horizon entered RUNNING state, process has stayed up for > than 1 seconds (startsecs)
2024-03-14 04:46:48,904 WARN exited: horizon (exit status 1; not expected)
2024-03-14 04:46:49,915 INFO spawned: 'horizon' with pid 53
2024-03-14 04:46:50,915 INFO success: horizon entered RUNNING state, process has stayed up for > than 1 seconds (startsecs)
2024-03-14 04:46:50,927 WARN exited: horizon (exit status 1; not expected)
2024-03-14 04:46:51,939 INFO spawned: 'horizon' with pid 56
2024-03-14 04:46:53,789 INFO success: horizon entered RUNNING state, process has stayed up for > than 1 seconds (startsecs)
2024-03-14 04:46:53,793 WARN exited: horizon (exit status 1; not expected)
2024-03-14 04:46:54,811 INFO spawned: 'horizon' with pid 59
2024-03-14 04:46:55,728 WARN exited: horizon (exit status 1; not expected)
2024-03-14 04:46:56,737 INFO spawned: 'horizon' with pid 62
2024-03-14 04:46:57,735 INFO success: horizon entered RUNNING state, process has stayed up for > than 1 seconds (startsecs)
2024-03-14 04:46:57,787 WARN exited: horizon (exit status 1; not expected)
2024-03-14 04:46:58,798 INFO spawned: 'horizon' with pid 65
2024-03-14 04:46:59,531 WARN exited: horizon (exit status 1; not expected)
2024-03-14 04:47:00,544 INFO spawned: 'horizon' with pid 68
2024-03-14 04:47:02,396 INFO success: horizon entered RUNNING state, process has stayed up for > than 1 seconds (startsecs)
2024-03-14 04:47:02,398 WARN exited: horizon (exit status 1; not expected)
2024-03-14 04:47:03,415 INFO spawned: 'horizon' with pid 74
2024-03-14 04:47:04,135 WARN exited: horizon (exit status 1; not expected)
2024-03-14 04:47:05,143 INFO spawned: 'horizon' with pid 77
2024-03-14 04:47:06,034 WARN exited: horizon (exit status 1; not expected)
2024-03-14 04:47:08,050 INFO spawned: 'horizon' with pid 80
2024-03-14 04:47:08,884 WARN exited: horizon (exit status 1; not expected)
2024-03-14 04:47:11,900 INFO spawned: 'horizon' with pid 83
2024-03-14 04:47:12,740 WARN exited: horizon (exit status 1; not expected)
2024-03-14 04:47:13,745 INFO gave up: horizon entered FATAL state, too many start retries too quickly
2024-03-14 06:09:52,114 WARN received SIGQUIT indicating exit request
2024-03-14 06:09:52,135 INFO waiting for cron-job, php-fpm to die
2024-03-14 06:09:53,427 INFO stopped: php-fpm (exit status 0)
2024-03-14 06:09:54,435 WARN stopped: cron-job (terminated by SIGTERM)
2024-03-14 06:10:56,821 CRIT Supervisor is running as root.  Privileges were not dropped because no user is specified in the config file.  If you intend to run as root, you can set user=root in the config file to avoid this message.
2024-03-14 06:10:56,833 INFO Included extra file "/etc/supervisor.d/cron.conf" during parsing
2024-03-14 06:10:56,837 INFO Included extra file "/etc/supervisor.d/horizon.conf" during parsing
2024-03-14 06:10:56,844 INFO Included extra file "/etc/supervisor.d/php-fpm.conf" during parsing
2024-03-14 06:10:56,886 INFO supervisord started with pid 1
2024-03-14 06:10:57,963 INFO spawned: 'cron-job' with pid 11
2024-03-14 06:10:58,167 INFO spawned: 'horizon' with pid 12
2024-03-14 06:10:58,210 INFO spawned: 'php-fpm' with pid 13
2024-03-14 06:10:59,760 INFO success: cron-job entered RUNNING state, process has stayed up for > than 1 seconds (startsecs)
2024-03-14 06:10:59,770 INFO success: horizon entered RUNNING state, process has stayed up for > than 1 seconds (startsecs)
2024-03-14 06:10:59,784 INFO success: php-fpm entered RUNNING state, process has stayed up for > than 1 seconds (startsecs)
2024-03-14 06:11:15,119 WARN exited: horizon (exit status 1; not expected)
2024-03-14 06:11:16,424 INFO spawned: 'horizon' with pid 26
2024-03-14 06:11:17,432 INFO success: horizon entered RUNNING state, process has stayed up for > than 1 seconds (startsecs)
2024-03-14 06:11:20,475 WARN exited: horizon (exit status 1; not expected)
2024-03-14 06:11:21,520 INFO spawned: 'horizon' with pid 29
2024-03-14 06:11:22,525 INFO success: horizon entered RUNNING state, process has stayed up for > than 1 seconds (startsecs)
2024-03-14 06:11:24,749 WARN exited: horizon (exit status 1; not expected)
2024-03-14 06:11:25,762 INFO spawned: 'horizon' with pid 32
2024-03-14 06:11:26,530 WARN exited: horizon (exit status 1; not expected)
2024-03-14 06:11:27,540 INFO spawned: 'horizon' with pid 35
2024-03-14 06:11:29,084 INFO success: horizon entered RUNNING state, process has stayed up for > than 1 seconds (startsecs)
2024-03-14 06:11:29,143 WARN exited: horizon (exit status 1; not expected)
2024-03-14 06:11:30,156 INFO spawned: 'horizon' with pid 38
2024-03-14 06:11:30,983 WARN exited: horizon (exit status 1; not expected)
2024-03-14 06:11:31,995 INFO spawned: 'horizon' with pid 41
2024-03-14 06:11:32,998 INFO success: horizon entered RUNNING state, process has stayed up for > than 1 seconds (startsecs)
2024-03-14 06:11:33,076 WARN exited: horizon (exit status 1; not expected)
2024-03-14 06:11:34,103 INFO spawned: 'horizon' with pid 44
2024-03-14 06:11:35,795 INFO success: horizon entered RUNNING state, process has stayed up for > than 1 seconds (startsecs)
2024-03-14 06:11:35,804 WARN exited: horizon (exit status 1; not expected)
2024-03-14 06:11:36,817 INFO spawned: 'horizon' with pid 47
2024-03-14 06:11:37,550 WARN exited: horizon (exit status 1; not expected)
2024-03-14 06:11:38,560 INFO spawned: 'horizon' with pid 50
2024-03-14 06:11:39,279 WARN exited: horizon (exit status 1; not expected)
2024-03-14 06:11:41,288 INFO spawned: 'horizon' with pid 53
2024-03-14 06:11:42,292 INFO success: horizon entered RUNNING state, process has stayed up for > than 1 seconds (startsecs)
2024-03-14 06:11:44,534 WARN exited: horizon (exit status 1; not expected)
2024-03-14 06:11:45,570 INFO spawned: 'horizon' with pid 56
2024-03-14 06:11:46,393 WARN exited: horizon (exit status 1; not expected)
2024-03-14 06:11:47,407 INFO spawned: 'horizon' with pid 59
2024-03-14 06:11:48,415 INFO success: horizon entered RUNNING state, process has stayed up for > than 1 seconds (startsecs)
2024-03-14 06:11:49,780 WARN exited: horizon (exit status 1; not expected)
2024-03-14 06:11:50,794 INFO spawned: 'horizon' with pid 62
2024-03-14 06:11:51,798 INFO success: horizon entered RUNNING state, process has stayed up for > than 1 seconds (startsecs)
2024-03-14 06:11:52,294 WARN exited: horizon (exit status 1; not expected)
2024-03-14 06:11:52,313 INFO spawned: 'horizon' with pid 65
2024-03-14 06:11:53,320 INFO success: horizon entered RUNNING state, process has stayed up for > than 1 seconds (startsecs)
2024-03-14 06:11:53,521 WARN exited: horizon (exit status 1; not expected)
2024-03-14 06:11:54,547 INFO spawned: 'horizon' with pid 68
2024-03-14 06:11:55,553 INFO success: horizon entered RUNNING state, process has stayed up for > than 1 seconds (startsecs)
2024-03-14 06:11:55,976 WARN exited: horizon (exit status 1; not expected)
2024-03-14 06:11:56,988 INFO spawned: 'horizon' with pid 71
2024-03-14 06:11:57,993 INFO success: horizon entered RUNNING state, process has stayed up for > than 1 seconds (startsecs)
2024-03-14 06:11:58,588 WARN exited: horizon (exit status 1; not expected)
2024-03-14 06:11:59,597 INFO spawned: 'horizon' with pid 74
2024-03-14 06:12:00,609 INFO success: horizon entered RUNNING state, process has stayed up for > than 1 seconds (startsecs)
2024-03-14 06:12:01,399 WARN exited: horizon (exit status 1; not expected)
2024-03-14 06:12:02,168 INFO spawned: 'horizon' with pid 82
2024-03-14 06:12:03,171 INFO success: horizon entered RUNNING state, process has stayed up for > than 1 seconds (startsecs)
2024-03-14 06:12:03,984 WARN exited: horizon (exit status 1; not expected)
2024-03-14 06:12:05,014 INFO spawned: 'horizon' with pid 85
2024-03-14 06:12:06,020 INFO success: horizon entered RUNNING state, process has stayed up for > than 1 seconds (startsecs)
2024-03-14 06:12:06,392 WARN exited: horizon (exit status 1; not expected)
2024-03-14 06:12:07,408 INFO spawned: 'horizon' with pid 88
2024-03-14 06:12:08,435 INFO success: horizon entered RUNNING state, process has stayed up for > than 1 seconds (startsecs)
2024-03-14 06:12:09,323 WARN exited: horizon (exit status 1; not expected)
2024-03-14 06:12:10,359 INFO spawned: 'horizon' with pid 91
2024-03-14 06:12:11,289 WARN exited: horizon (exit status 1; not expected)
2024-03-14 06:12:12,302 INFO spawned: 'horizon' with pid 94
2024-03-14 06:12:13,056 WARN exited: horizon (exit status 1; not expected)
2024-03-14 06:12:15,074 INFO spawned: 'horizon' with pid 97
2024-03-14 06:12:15,861 WARN exited: horizon (exit status 1; not expected)
2024-03-14 06:12:18,881 INFO spawned: 'horizon' with pid 100
2024-03-14 06:12:19,887 INFO success: horizon entered RUNNING state, process has stayed up for > than 1 seconds (startsecs)
2024-03-14 06:12:19,903 WARN exited: horizon (exit status 1; not expected)
2024-03-14 06:12:20,934 INFO spawned: 'horizon' with pid 103
2024-03-14 06:12:21,938 INFO success: horizon entered RUNNING state, process has stayed up for > than 1 seconds (startsecs)
2024-03-14 06:12:22,387 WARN exited: horizon (exit status 1; not expected)
2024-03-14 06:12:22,394 INFO spawned: 'horizon' with pid 106
2024-03-14 06:12:23,399 INFO success: horizon entered RUNNING state, process has stayed up for > than 1 seconds (startsecs)
2024-03-14 06:12:23,714 WARN exited: horizon (exit status 1; not expected)
2024-03-14 06:12:24,731 INFO spawned: 'horizon' with pid 109
2024-03-14 06:12:25,622 WARN exited: horizon (exit status 1; not expected)
2024-03-14 06:12:26,633 INFO spawned: 'horizon' with pid 112
2024-03-14 06:12:27,527 WARN exited: horizon (exit status 1; not expected)
2024-03-14 06:12:30,506 INFO spawned: 'horizon' with pid 115
2024-03-14 06:12:31,306 WARN exited: horizon (exit status 1; not expected)
2024-03-14 06:12:34,335 INFO spawned: 'horizon' with pid 118
2024-03-14 06:12:36,129 INFO success: horizon entered RUNNING state, process has stayed up for > than 1 seconds (startsecs)
2024-03-14 06:12:36,132 WARN exited: horizon (exit status 1; not expected)
2024-03-14 06:12:37,146 INFO spawned: 'horizon' with pid 121
2024-03-14 06:12:38,908 INFO success: horizon entered RUNNING state, process has stayed up for > than 1 seconds (startsecs)
2024-03-14 06:12:38,911 WARN exited: horizon (exit status 1; not expected)
2024-03-14 06:12:39,925 INFO spawned: 'horizon' with pid 124
2024-03-14 06:12:41,644 INFO success: horizon entered RUNNING state, process has stayed up for > than 1 seconds (startsecs)
2024-03-14 06:12:41,646 WARN exited: horizon (exit status 1; not expected)
2024-03-14 06:12:42,659 INFO spawned: 'horizon' with pid 127
2024-03-14 06:12:43,378 WARN exited: horizon (exit status 1; not expected)
2024-03-14 06:12:44,390 INFO spawned: 'horizon' with pid 130
2024-03-14 06:12:45,309 WARN exited: horizon (exit status 1; not expected)
2024-03-14 06:12:47,317 INFO spawned: 'horizon' with pid 133
2024-03-14 06:12:48,158 WARN exited: horizon (exit status 1; not expected)
2024-03-14 06:12:51,173 INFO spawned: 'horizon' with pid 143
2024-03-14 06:12:51,851 WARN exited: horizon (exit status 1; not expected)
2024-03-14 06:12:52,855 INFO gave up: horizon entered FATAL state, too many start retries too quickly
2024-03-14 06:16:47,058 INFO reaped unknown pid 203 (exit status 0)
2024-03-14 06:21:34,190 WARN received SIGQUIT indicating exit request
2024-03-14 06:21:34,237 INFO waiting for cron-job, php-fpm to die
2024-03-14 06:21:35,580 INFO stopped: php-fpm (exit status 0)
2024-03-14 06:21:36,591 WARN stopped: cron-job (terminated by SIGTERM)
2024-03-14 06:22:22,943 CRIT Supervisor is running as root.  Privileges were not dropped because no user is specified in the config file.  If you intend to run as root, you can set user=root in the config file to avoid this message.
2024-03-14 06:22:22,945 INFO Included extra file "/etc/supervisor.d/cron.conf" during parsing
2024-03-14 06:22:22,947 INFO Included extra file "/etc/supervisor.d/horizon.conf" during parsing
2024-03-14 06:22:22,948 INFO Included extra file "/etc/supervisor.d/php-fpm.conf" during parsing
2024-03-14 06:22:22,960 INFO supervisord started with pid 1
2024-03-14 06:22:24,070 INFO spawned: 'cron-job' with pid 12
2024-03-14 06:22:24,096 INFO spawned: 'horizon' with pid 13
2024-03-14 06:22:24,110 INFO spawned: 'php-fpm' with pid 14
2024-03-14 06:22:25,975 INFO success: cron-job entered RUNNING state, process has stayed up for > than 1 seconds (startsecs)
2024-03-14 06:22:25,976 INFO success: horizon entered RUNNING state, process has stayed up for > than 1 seconds (startsecs)
2024-03-14 06:22:25,976 INFO success: php-fpm entered RUNNING state, process has stayed up for > than 1 seconds (startsecs)
2024-03-14 06:22:29,925 WARN exited: horizon (exit status 1; not expected)
2024-03-14 06:22:31,057 INFO spawned: 'horizon' with pid 21
2024-03-14 06:22:32,060 INFO success: horizon entered RUNNING state, process has stayed up for > than 1 seconds (startsecs)
2024-03-14 06:22:33,269 WARN exited: horizon (exit status 1; not expected)
2024-03-14 06:22:33,642 INFO spawned: 'horizon' with pid 26
2024-03-14 06:22:34,650 INFO success: horizon entered RUNNING state, process has stayed up for > than 1 seconds (startsecs)
2024-03-14 06:22:35,911 WARN exited: horizon (exit status 1; not expected)
2024-03-14 06:22:36,934 INFO spawned: 'horizon' with pid 29
2024-03-14 06:22:37,937 INFO success: horizon entered RUNNING state, process has stayed up for > than 1 seconds (startsecs)
2024-03-14 06:22:38,358 WARN exited: horizon (exit status 1; not expected)
2024-03-14 06:22:39,374 INFO spawned: 'horizon' with pid 32
2024-03-14 06:22:40,376 INFO success: horizon entered RUNNING state, process has stayed up for > than 1 seconds (startsecs)
2024-03-14 06:22:41,561 WARN exited: horizon (exit status 1; not expected)
2024-03-14 06:22:42,602 INFO spawned: 'horizon' with pid 35
2024-03-14 06:22:43,405 WARN exited: horizon (exit status 1; not expected)
2024-03-14 06:22:44,416 INFO spawned: 'horizon' with pid 38
2024-03-14 06:22:45,136 WARN exited: horizon (exit status 1; not expected)
2024-03-14 06:22:47,142 INFO spawned: 'horizon' with pid 41
2024-03-14 06:22:47,943 WARN exited: horizon (exit status 1; not expected)
2024-03-14 06:22:50,970 INFO spawned: 'horizon' with pid 44
2024-03-14 06:22:52,833 INFO success: horizon entered RUNNING state, process has stayed up for > than 1 seconds (startsecs)
2024-03-14 06:22:52,836 WARN exited: horizon (exit status 1; not expected)
2024-03-14 06:22:53,851 INFO spawned: 'horizon' with pid 47
2024-03-14 06:22:54,698 WARN exited: horizon (exit status 1; not expected)
2024-03-14 06:22:55,709 INFO spawned: 'horizon' with pid 50
2024-03-14 06:22:56,713 INFO success: horizon entered RUNNING state, process has stayed up for > than 1 seconds (startsecs)
2024-03-14 06:22:56,805 WARN exited: horizon (exit status 1; not expected)
2024-03-14 06:22:57,812 INFO spawned: 'horizon' with pid 53
2024-03-14 06:22:58,696 WARN exited: horizon (exit status 1; not expected)
2024-03-14 06:22:59,708 INFO spawned: 'horizon' with pid 62
2024-03-14 06:23:00,714 INFO success: horizon entered RUNNING state, process has stayed up for > than 1 seconds (startsecs)
2024-03-14 06:23:00,778 WARN exited: horizon (exit status 1; not expected)
2024-03-14 06:23:01,795 INFO spawned: 'horizon' with pid 68
2024-03-14 06:23:02,620 WARN exited: horizon (exit status 1; not expected)
2024-03-14 06:23:03,646 INFO spawned: 'horizon' with pid 71
2024-03-14 06:23:04,495 WARN exited: horizon (exit status 1; not expected)
2024-03-14 06:23:06,508 INFO spawned: 'horizon' with pid 74
2024-03-14 06:23:07,275 WARN exited: horizon (exit status 1; not expected)
2024-03-14 06:23:10,299 INFO spawned: 'horizon' with pid 79
2024-03-14 06:23:11,010 WARN exited: horizon (exit status 1; not expected)
2024-03-14 06:23:12,015 INFO gave up: horizon entered FATAL state, too many start retries too quickly
2024-03-14 06:26:28,479 WARN received SIGQUIT indicating exit request
2024-03-14 06:26:28,497 INFO waiting for cron-job, php-fpm to die
2024-03-14 06:26:28,558 INFO stopped: php-fpm (exit status 0)
2024-03-14 06:26:29,565 WARN stopped: cron-job (terminated by SIGTERM)
2024-03-14 06:26:38,872 CRIT Supervisor is running as root.  Privileges were not dropped because no user is specified in the config file.  If you intend to run as root, you can set user=root in the config file to avoid this message.
2024-03-14 06:26:38,874 INFO Included extra file "/etc/supervisor.d/cron.conf" during parsing
2024-03-14 06:26:38,875 INFO Included extra file "/etc/supervisor.d/horizon.conf" during parsing
2024-03-14 06:26:38,877 INFO Included extra file "/etc/supervisor.d/php-fpm.conf" during parsing
2024-03-14 06:26:38,887 INFO supervisord started with pid 1
2024-03-14 06:26:39,899 INFO spawned: 'cron-job' with pid 11
2024-03-14 06:26:39,933 INFO spawned: 'horizon' with pid 12
2024-03-14 06:26:39,951 INFO spawned: 'php-fpm' with pid 13
2024-03-14 06:26:41,729 INFO success: cron-job entered RUNNING state, process has stayed up for > than 1 seconds (startsecs)
2024-03-14 06:26:41,730 INFO success: horizon entered RUNNING state, process has stayed up for > than 1 seconds (startsecs)
2024-03-14 06:26:41,731 INFO success: php-fpm entered RUNNING state, process has stayed up for > than 1 seconds (startsecs)
2024-03-14 06:26:43,677 WARN exited: horizon (exit status 1; not expected)
2024-03-14 06:26:44,692 INFO spawned: 'horizon' with pid 18
2024-03-14 06:26:45,695 INFO success: horizon entered RUNNING state, process has stayed up for > than 1 seconds (startsecs)
2024-03-14 06:26:46,494 WARN exited: horizon (exit status 1; not expected)
2024-03-14 06:26:47,507 INFO spawned: 'horizon' with pid 21
2024-03-14 06:26:48,289 WARN exited: horizon (exit status 1; not expected)
2024-03-14 06:26:49,302 INFO spawned: 'horizon' with pid 24
2024-03-14 06:26:50,051 WARN exited: horizon (exit status 1; not expected)
2024-03-14 06:26:52,064 INFO spawned: 'horizon' with pid 27
2024-03-14 06:26:53,068 INFO success: horizon entered RUNNING state, process has stayed up for > than 1 seconds (startsecs)
2024-03-14 06:26:53,281 WARN exited: horizon (exit status 1; not expected)
2024-03-14 06:26:54,293 INFO spawned: 'horizon' with pid 30
2024-03-14 06:26:55,054 WARN exited: horizon (exit status 1; not expected)
2024-03-14 06:26:56,067 INFO spawned: 'horizon' with pid 33
2024-03-14 06:26:56,939 WARN exited: horizon (exit status 1; not expected)
2024-03-14 06:26:59,933 INFO spawned: 'horizon' with pid 36
2024-03-14 06:27:01,676 INFO success: horizon entered RUNNING state, process has stayed up for > than 1 seconds (startsecs)
2024-03-14 06:27:01,677 WARN exited: horizon (exit status 1; not expected)
2024-03-14 06:27:02,684 INFO spawned: 'horizon' with pid 42
2024-03-14 06:27:03,690 INFO success: horizon entered RUNNING state, process has stayed up for > than 1 seconds (startsecs)
2024-03-14 06:27:03,726 WARN exited: horizon (exit status 1; not expected)
2024-03-14 06:27:04,736 INFO spawned: 'horizon' with pid 45
2024-03-14 06:27:05,513 WARN exited: horizon (exit status 1; not expected)
2024-03-14 06:27:06,525 INFO spawned: 'horizon' with pid 48
2024-03-14 06:27:07,274 WARN exited: horizon (exit status 1; not expected)
2024-03-14 06:27:09,293 INFO spawned: 'horizon' with pid 51
2024-03-14 06:27:11,055 INFO success: horizon entered RUNNING state, process has stayed up for > than 1 seconds (startsecs)
2024-03-14 06:27:11,059 WARN exited: horizon (exit status 1; not expected)
2024-03-14 06:27:12,072 INFO spawned: 'horizon' with pid 54
2024-03-14 06:27:12,786 WARN exited: horizon (exit status 1; not expected)
2024-03-14 06:27:13,798 INFO spawned: 'horizon' with pid 57
2024-03-14 06:27:14,565 WARN exited: horizon (exit status 1; not expected)
2024-03-14 06:27:16,582 INFO spawned: 'horizon' with pid 60
2024-03-14 06:27:18,349 INFO success: horizon entered RUNNING state, process has stayed up for > than 1 seconds (startsecs)
2024-03-14 06:27:18,351 WARN exited: horizon (exit status 1; not expected)
2024-03-14 06:27:19,366 INFO spawned: 'horizon' with pid 63
2024-03-14 06:27:20,242 WARN exited: horizon (exit status 1; not expected)
2024-03-14 06:27:21,314 INFO spawned: 'horizon' with pid 66
2024-03-14 06:27:22,328 INFO success: horizon entered RUNNING state, process has stayed up for > than 1 seconds (startsecs)
2024-03-14 06:27:22,398 WARN exited: horizon (exit status 1; not expected)
2024-03-14 06:27:23,406 INFO spawned: 'horizon' with pid 69
2024-03-14 06:27:24,412 INFO success: horizon entered RUNNING state, process has stayed up for > than 1 seconds (startsecs)
2024-03-14 06:27:24,908 WARN exited: horizon (exit status 1; not expected)
2024-03-14 06:27:25,926 INFO spawned: 'horizon' with pid 72
2024-03-14 06:27:26,930 INFO success: horizon entered RUNNING state, process has stayed up for > than 1 seconds (startsecs)
2024-03-14 06:27:27,232 WARN exited: horizon (exit status 1; not expected)
2024-03-14 06:27:28,222 INFO spawned: 'horizon' with pid 75
2024-03-14 06:27:29,224 INFO success: horizon entered RUNNING state, process has stayed up for > than 1 seconds (startsecs)
2024-03-14 06:27:29,350 WARN exited: horizon (exit status 1; not expected)
2024-03-14 06:27:30,358 INFO spawned: 'horizon' with pid 78
2024-03-14 06:27:31,360 INFO success: horizon entered RUNNING state, process has stayed up for > than 1 seconds (startsecs)
2024-03-14 06:27:31,428 WARN exited: horizon (exit status 1; not expected)
2024-03-14 06:27:32,435 INFO spawned: 'horizon' with pid 81
2024-03-14 06:27:33,470 INFO success: horizon entered RUNNING state, process has stayed up for > than 1 seconds (startsecs)
2024-03-14 06:27:35,053 WARN exited: horizon (exit status 1; not expected)
2024-03-14 06:27:36,066 INFO spawned: 'horizon' with pid 84
2024-03-14 06:27:37,072 INFO success: horizon entered RUNNING state, process has stayed up for > than 1 seconds (startsecs)
2024-03-14 06:27:37,297 WARN exited: horizon (exit status 1; not expected)
2024-03-14 06:27:38,305 INFO spawned: 'horizon' with pid 87
2024-03-14 06:27:39,311 INFO success: horizon entered RUNNING state, process has stayed up for > than 1 seconds (startsecs)
2024-03-14 06:27:39,900 WARN exited: horizon (exit status 1; not expected)
2024-03-14 06:27:40,943 INFO spawned: 'horizon' with pid 90
2024-03-14 06:27:41,947 INFO success: horizon entered RUNNING state, process has stayed up for > than 1 seconds (startsecs)
2024-03-14 06:27:43,990 WARN exited: horizon (exit status 1; not expected)
2024-03-14 06:27:45,014 INFO spawned: 'horizon' with pid 93
2024-03-14 06:27:46,020 INFO success: horizon entered RUNNING state, process has stayed up for > than 1 seconds (startsecs)
2024-03-14 06:27:46,620 WARN exited: horizon (exit status 1; not expected)
2024-03-14 06:27:47,633 INFO spawned: 'horizon' with pid 96
2024-03-14 06:27:48,466 WARN exited: horizon (exit status 1; not expected)
2024-03-14 06:27:49,477 INFO spawned: 'horizon' with pid 99
2024-03-14 06:27:50,381 WARN exited: horizon (exit status 1; not expected)
2024-03-14 06:27:52,398 INFO spawned: 'horizon' with pid 102
2024-03-14 06:27:54,230 INFO success: horizon entered RUNNING state, process has stayed up for > than 1 seconds (startsecs)
2024-03-14 06:27:54,234 WARN exited: horizon (exit status 1; not expected)
2024-03-14 06:27:55,252 INFO spawned: 'horizon' with pid 105
2024-03-14 06:27:56,178 WARN exited: horizon (exit status 1; not expected)
2024-03-14 06:27:57,185 INFO spawned: 'horizon' with pid 108
2024-03-14 06:27:58,057 WARN exited: horizon (exit status 1; not expected)
2024-03-14 06:28:00,072 INFO spawned: 'horizon' with pid 111
2024-03-14 06:28:00,856 WARN exited: horizon (exit status 1; not expected)
2024-03-14 06:28:03,871 INFO spawned: 'horizon' with pid 117
2024-03-14 06:28:04,666 WARN exited: horizon (exit status 1; not expected)
2024-03-14 06:28:05,670 INFO gave up: horizon entered FATAL state, too many start retries too quickly
2024-03-14 06:28:36,754 WARN received SIGQUIT indicating exit request
2024-03-14 06:28:36,763 INFO waiting for cron-job, php-fpm to die
2024-03-14 06:28:36,794 INFO stopped: php-fpm (exit status 0)
2024-03-14 06:28:37,802 WARN stopped: cron-job (terminated by SIGTERM)
2024-03-14 06:28:49,344 CRIT Supervisor is running as root.  Privileges were not dropped because no user is specified in the config file.  If you intend to run as root, you can set user=root in the config file to avoid this message.
2024-03-14 06:28:49,346 INFO Included extra file "/etc/supervisor.d/cron.conf" during parsing
2024-03-14 06:28:49,348 INFO Included extra file "/etc/supervisor.d/horizon.conf" during parsing
2024-03-14 06:28:49,349 INFO Included extra file "/etc/supervisor.d/php-fpm.conf" during parsing
2024-03-14 06:28:49,362 INFO supervisord started with pid 1
2024-03-14 06:28:50,367 INFO spawned: 'cron-job' with pid 11
2024-03-14 06:28:50,374 INFO spawned: 'horizon' with pid 12
2024-03-14 06:28:50,378 INFO spawned: 'php-fpm' with pid 13
2024-03-14 06:28:51,486 INFO success: cron-job entered RUNNING state, process has stayed up for > than 1 seconds (startsecs)
2024-03-14 06:28:51,488 INFO success: horizon entered RUNNING state, process has stayed up for > than 1 seconds (startsecs)
2024-03-14 06:28:51,490 INFO success: php-fpm entered RUNNING state, process has stayed up for > than 1 seconds (startsecs)
2024-03-14 06:28:54,378 WARN exited: horizon (exit status 1; not expected)
2024-03-14 06:28:55,519 INFO spawned: 'horizon' with pid 18
2024-03-14 06:28:56,535 INFO success: horizon entered RUNNING state, process has stayed up for > than 1 seconds (startsecs)
2024-03-14 06:28:58,020 WARN exited: horizon (exit status 1; not expected)
2024-03-14 06:28:59,034 INFO spawned: 'horizon' with pid 21
2024-03-14 06:28:59,863 WARN exited: horizon (exit status 1; not expected)
2024-03-14 06:29:00,868 INFO spawned: 'horizon' with pid 25
2024-03-14 06:29:01,821 WARN exited: horizon (exit status 1; not expected)
2024-03-14 06:29:03,834 INFO spawned: 'horizon' with pid 30
2024-03-14 06:29:04,555 WARN exited: horizon (exit status 1; not expected)
2024-03-14 06:29:07,565 INFO spawned: 'horizon' with pid 33
2024-03-14 06:29:08,509 WARN exited: horizon (exit status 1; not expected)
2024-03-14 06:29:09,512 INFO gave up: horizon entered FATAL state, too many start retries too quickly
2024-03-14 06:29:15,528 WARN received SIGQUIT indicating exit request
2024-03-14 06:29:15,530 INFO waiting for cron-job, php-fpm to die
2024-03-14 06:29:15,539 INFO stopped: php-fpm (exit status 0)
2024-03-14 06:29:16,544 WARN stopped: cron-job (terminated by SIGTERM)
2024-03-14 06:29:32,054 CRIT Supervisor is running as root.  Privileges were not dropped because no user is specified in the config file.  If you intend to run as root, you can set user=root in the config file to avoid this message.
2024-03-14 06:29:32,055 INFO Included extra file "/etc/supervisor.d/cron.conf" during parsing
2024-03-14 06:29:32,056 INFO Included extra file "/etc/supervisor.d/horizon.conf" during parsing
2024-03-14 06:29:32,056 INFO Included extra file "/etc/supervisor.d/php-fpm.conf" during parsing
2024-03-14 06:29:32,062 INFO supervisord started with pid 1
2024-03-14 06:29:33,205 INFO spawned: 'cron-job' with pid 12
2024-03-14 06:29:33,295 INFO spawned: 'horizon' with pid 13
2024-03-14 06:29:33,323 INFO spawned: 'php-fpm' with pid 14
2024-03-14 06:29:34,462 INFO success: cron-job entered RUNNING state, process has stayed up for > than 1 seconds (startsecs)
2024-03-14 06:29:34,466 INFO success: horizon entered RUNNING state, process has stayed up for > than 1 seconds (startsecs)
2024-03-14 06:29:34,640 INFO success: php-fpm entered RUNNING state, process has stayed up for > than 1 seconds (startsecs)
2024-03-14 06:29:40,870 WARN exited: horizon (exit status 1; not expected)
2024-03-14 06:29:41,892 INFO spawned: 'horizon' with pid 19
2024-03-14 06:29:42,894 INFO success: horizon entered RUNNING state, process has stayed up for > than 1 seconds (startsecs)
2024-03-14 06:29:43,097 WARN exited: horizon (exit status 1; not expected)
2024-03-14 06:29:44,108 INFO spawned: 'horizon' with pid 22
2024-03-14 06:29:45,122 INFO success: horizon entered RUNNING state, process has stayed up for > than 1 seconds (startsecs)
2024-03-14 06:29:45,123 WARN exited: horizon (exit status 1; not expected)
2024-03-14 06:29:45,127 INFO spawned: 'horizon' with pid 25
2024-03-14 06:29:46,129 INFO success: horizon entered RUNNING state, process has stayed up for > than 1 seconds (startsecs)
2024-03-14 06:29:46,164 WARN exited: horizon (exit status 1; not expected)
2024-03-14 06:29:47,172 INFO spawned: 'horizon' with pid 28
2024-03-14 06:29:48,057 WARN exited: horizon (exit status 1; not expected)
2024-03-14 06:29:49,069 INFO spawned: 'horizon' with pid 31
2024-03-14 06:29:49,867 WARN exited: horizon (exit status 1; not expected)
2024-03-14 06:29:51,879 INFO spawned: 'horizon' with pid 34
2024-03-14 06:29:52,712 WARN exited: horizon (exit status 1; not expected)
2024-03-14 06:29:55,727 INFO spawned: 'horizon' with pid 37
2024-03-14 06:29:56,733 INFO success: horizon entered RUNNING state, process has stayed up for > than 1 seconds (startsecs)
2024-03-14 06:29:56,797 WARN exited: horizon (exit status 1; not expected)
2024-03-14 06:29:57,788 INFO spawned: 'horizon' with pid 40
2024-03-14 06:29:58,713 WARN exited: horizon (exit status 1; not expected)
2024-03-14 06:29:59,721 INFO spawned: 'horizon' with pid 43
2024-03-14 06:30:00,678 WARN exited: horizon (exit status 1; not expected)
2024-03-14 06:30:02,687 INFO spawned: 'horizon' with pid 50
2024-03-14 06:30:03,691 INFO success: horizon entered RUNNING state, process has stayed up for > than 1 seconds (startsecs)
2024-03-14 06:30:04,289 WARN exited: horizon (exit status 1; not expected)
2024-03-14 06:30:05,303 INFO spawned: 'horizon' with pid 53
2024-03-14 06:30:06,199 WARN exited: horizon (exit status 1; not expected)
2024-03-14 06:30:07,205 INFO spawned: 'horizon' with pid 56
2024-03-14 06:30:08,130 WARN received SIGQUIT indicating exit request
2024-03-14 06:30:08,131 INFO waiting for cron-job, horizon, php-fpm to die
2024-03-14 06:30:08,142 WARN exited: horizon (exit status 1; not expected)
2024-03-14 06:30:08,145 INFO stopped: php-fpm (exit status 0)
2024-03-14 06:30:09,149 WARN stopped: cron-job (terminated by SIGTERM)
2024-03-14 06:30:09,152 INFO reaped unknown pid 44 (exit status 1)
2024-03-14 06:30:09,153 INFO reaped unknown pid 45 (exit status 0)
2024-03-14 06:30:53,094 CRIT Supervisor is running as root.  Privileges were not dropped because no user is specified in the config file.  If you intend to run as root, you can set user=root in the config file to avoid this message.
2024-03-14 06:30:53,095 INFO Included extra file "/etc/supervisor.d/cron.conf" during parsing
2024-03-14 06:30:53,095 INFO Included extra file "/etc/supervisor.d/horizon.conf" during parsing
2024-03-14 06:30:53,096 INFO Included extra file "/etc/supervisor.d/php-fpm.conf" during parsing
2024-03-14 06:30:53,104 INFO supervisord started with pid 1
2024-03-14 06:30:54,114 INFO spawned: 'cron-job' with pid 10
2024-03-14 06:30:54,121 INFO spawned: 'horizon' with pid 11
2024-03-14 06:30:54,125 INFO spawned: 'php-fpm' with pid 12
2024-03-14 06:30:55,270 INFO success: cron-job entered RUNNING state, process has stayed up for > than 1 seconds (startsecs)
2024-03-14 06:30:55,272 INFO success: horizon entered RUNNING state, process has stayed up for > than 1 seconds (startsecs)
2024-03-14 06:30:55,273 INFO success: php-fpm entered RUNNING state, process has stayed up for > than 1 seconds (startsecs)
2024-03-14 06:30:59,344 WARN exited: horizon (exit status 1; not expected)
2024-03-14 06:31:00,359 INFO spawned: 'horizon' with pid 18
2024-03-14 06:31:01,362 INFO success: horizon entered RUNNING state, process has stayed up for > than 1 seconds (startsecs)
2024-03-14 06:31:03,183 WARN exited: horizon (exit status 1; not expected)
2024-03-14 06:31:04,192 INFO spawned: 'horizon' with pid 23
2024-03-14 06:31:05,195 INFO success: horizon entered RUNNING state, process has stayed up for > than 1 seconds (startsecs)
2024-03-14 06:31:05,767 WARN exited: horizon (exit status 1; not expected)
2024-03-14 06:31:06,772 INFO spawned: 'horizon' with pid 26
2024-03-14 06:31:07,776 INFO success: horizon entered RUNNING state, process has stayed up for > than 1 seconds (startsecs)
2024-03-14 06:31:08,928 WARN exited: horizon (exit status 1; not expected)
2024-03-14 06:31:09,933 INFO spawned: 'horizon' with pid 29
2024-03-14 06:31:10,938 INFO success: horizon entered RUNNING state, process has stayed up for > than 1 seconds (startsecs)
2024-03-14 06:31:11,051 WARN exited: horizon (exit status 1; not expected)
2024-03-14 06:31:12,126 INFO spawned: 'horizon' with pid 32
2024-03-14 06:31:13,164 INFO success: horizon entered RUNNING state, process has stayed up for > than 1 seconds (startsecs)
2024-03-14 06:31:13,544 WARN exited: horizon (exit status 1; not expected)
2024-03-14 06:31:14,554 INFO spawned: 'horizon' with pid 35
2024-03-14 06:31:15,558 INFO success: horizon entered RUNNING state, process has stayed up for > than 1 seconds (startsecs)
2024-03-14 06:31:16,624 WARN exited: horizon (exit status 1; not expected)
2024-03-14 06:31:17,630 INFO spawned: 'horizon' with pid 38
2024-03-14 06:31:19,380 INFO success: horizon entered RUNNING state, process has stayed up for > than 1 seconds (startsecs)
2024-03-14 06:31:19,386 WARN exited: horizon (exit status 1; not expected)
2024-03-14 06:31:20,403 INFO spawned: 'horizon' with pid 41
2024-03-14 06:31:21,234 WARN exited: horizon (exit status 1; not expected)
2024-03-14 06:31:22,242 INFO spawned: 'horizon' with pid 44
2024-03-14 06:31:22,981 WARN exited: horizon (exit status 1; not expected)
2024-03-14 06:31:24,995 INFO spawned: 'horizon' with pid 47
2024-03-14 06:31:26,785 INFO success: horizon entered RUNNING state, process has stayed up for > than 1 seconds (startsecs)
2024-03-14 06:31:26,788 WARN exited: horizon (exit status 1; not expected)
2024-03-14 06:31:27,776 INFO spawned: 'horizon' with pid 50
2024-03-14 06:31:28,780 INFO success: horizon entered RUNNING state, process has stayed up for > than 1 seconds (startsecs)
2024-03-14 06:31:28,882 WARN exited: horizon (exit status 1; not expected)
2024-03-14 06:31:29,894 INFO spawned: 'horizon' with pid 53
2024-03-14 06:31:30,897 INFO success: horizon entered RUNNING state, process has stayed up for > than 1 seconds (startsecs)
2024-03-14 06:31:30,920 WARN exited: horizon (exit status 1; not expected)
2024-03-14 06:31:31,928 INFO spawned: 'horizon' with pid 56
2024-03-14 06:31:32,932 INFO success: horizon entered RUNNING state, process has stayed up for > than 1 seconds (startsecs)
2024-03-14 06:31:32,959 WARN exited: horizon (exit status 1; not expected)
2024-03-14 06:31:33,967 INFO spawned: 'horizon' with pid 59
2024-03-14 06:31:34,822 WARN exited: horizon (exit status 1; not expected)
2024-03-14 06:31:35,830 INFO spawned: 'horizon' with pid 62
2024-03-14 06:31:36,534 WARN exited: horizon (exit status 1; not expected)
2024-03-14 06:31:38,544 INFO spawned: 'horizon' with pid 65
2024-03-14 06:31:40,272 INFO success: horizon entered RUNNING state, process has stayed up for > than 1 seconds (startsecs)
2024-03-14 06:31:40,275 WARN exited: horizon (exit status 1; not expected)
2024-03-14 06:31:41,282 INFO spawned: 'horizon' with pid 68
2024-03-14 06:31:42,138 WARN exited: horizon (exit status 1; not expected)
2024-03-14 06:31:43,198 INFO spawned: 'horizon' with pid 71
2024-03-14 06:31:44,230 INFO success: horizon entered RUNNING state, process has stayed up for > than 1 seconds (startsecs)
2024-03-14 06:31:44,592 WARN exited: horizon (exit status 1; not expected)
2024-03-14 06:31:45,599 INFO spawned: 'horizon' with pid 74
2024-03-14 06:31:47,466 INFO success: horizon entered RUNNING state, process has stayed up for > than 1 seconds (startsecs)
2024-03-14 06:31:47,469 WARN exited: horizon (exit status 1; not expected)
2024-03-14 06:31:48,482 INFO spawned: 'horizon' with pid 77
2024-03-14 06:31:49,200 WARN exited: horizon (exit status 1; not expected)
2024-03-14 06:31:50,208 INFO spawned: 'horizon' with pid 80
2024-03-14 06:31:51,134 WARN exited: horizon (exit status 1; not expected)
2024-03-14 06:31:53,169 INFO spawned: 'horizon' with pid 83
2024-03-14 06:31:54,172 INFO success: horizon entered RUNNING state, process has stayed up for > than 1 seconds (startsecs)
2024-03-14 06:31:54,274 WARN exited: horizon (exit status 1; not expected)
2024-03-14 06:31:55,285 INFO spawned: 'horizon' with pid 86
2024-03-14 06:31:56,290 INFO success: horizon entered RUNNING state, process has stayed up for > than 1 seconds (startsecs)
2024-03-14 06:31:57,433 WARN exited: horizon (exit status 1; not expected)
2024-03-14 06:31:58,425 INFO spawned: 'horizon' with pid 89
2024-03-14 06:32:00,141 INFO success: horizon entered RUNNING state, process has stayed up for > than 1 seconds (startsecs)
2024-03-14 06:32:00,143 WARN exited: horizon (exit status 1; not expected)
2024-03-14 06:32:01,153 INFO spawned: 'horizon' with pid 95
2024-03-14 06:32:01,967 WARN exited: horizon (exit status 1; not expected)
2024-03-14 06:32:02,979 INFO spawned: 'horizon' with pid 98
2024-03-14 06:32:03,780 WARN exited: horizon (exit status 1; not expected)
2024-03-14 06:32:05,798 INFO spawned: 'horizon' with pid 101
2024-03-14 06:32:06,683 WARN exited: horizon (exit status 1; not expected)
2024-03-14 06:32:09,702 INFO spawned: 'horizon' with pid 104
2024-03-14 06:32:11,590 INFO success: horizon entered RUNNING state, process has stayed up for > than 1 seconds (startsecs)
2024-03-14 06:32:11,592 WARN exited: horizon (exit status 1; not expected)
2024-03-14 06:32:12,605 INFO spawned: 'horizon' with pid 107
2024-03-14 06:32:14,408 INFO success: horizon entered RUNNING state, process has stayed up for > than 1 seconds (startsecs)
2024-03-14 06:32:14,410 WARN exited: horizon (exit status 1; not expected)
2024-03-14 06:32:15,419 INFO spawned: 'horizon' with pid 110
2024-03-14 06:32:16,423 INFO success: horizon entered RUNNING state, process has stayed up for > than 1 seconds (startsecs)
2024-03-14 06:32:17,500 WARN exited: horizon (exit status 1; not expected)
2024-03-14 06:32:18,515 INFO spawned: 'horizon' with pid 113
2024-03-14 06:32:19,385 WARN exited: horizon (exit status 1; not expected)
2024-03-14 06:32:20,394 INFO spawned: 'horizon' with pid 116
2024-03-14 06:32:21,397 INFO success: horizon entered RUNNING state, process has stayed up for > than 1 seconds (startsecs)
2024-03-14 06:32:21,459 WARN exited: horizon (exit status 1; not expected)
2024-03-14 06:32:22,472 INFO spawned: 'horizon' with pid 119
2024-03-14 06:32:23,474 INFO success: horizon entered RUNNING state, process has stayed up for > than 1 seconds (startsecs)
2024-03-14 06:32:23,512 WARN exited: horizon (exit status 1; not expected)
2024-03-14 06:32:24,518 INFO spawned: 'horizon' with pid 122
2024-03-14 06:32:25,353 WARN exited: horizon (exit status 1; not expected)
2024-03-14 06:32:26,366 INFO spawned: 'horizon' with pid 125
2024-03-14 06:32:27,219 WARN exited: horizon (exit status 1; not expected)
2024-03-14 06:32:30,210 INFO spawned: 'horizon' with pid 128
2024-03-14 06:32:31,214 INFO success: horizon entered RUNNING state, process has stayed up for > than 1 seconds (startsecs)
2024-03-14 06:32:31,426 WARN exited: horizon (exit status 1; not expected)
2024-03-14 06:32:32,442 INFO spawned: 'horizon' with pid 131
2024-03-14 06:32:33,445 INFO success: horizon entered RUNNING state, process has stayed up for > than 1 seconds (startsecs)
2024-03-14 06:32:33,674 WARN exited: horizon (exit status 1; not expected)
2024-03-14 06:32:34,686 INFO spawned: 'horizon' with pid 134
2024-03-14 06:32:35,443 WARN exited: horizon (exit status 1; not expected)
2024-03-14 06:32:36,454 INFO spawned: 'horizon' with pid 137
2024-03-14 06:32:37,170 WARN exited: horizon (exit status 1; not expected)
2024-03-14 06:32:39,183 INFO spawned: 'horizon' with pid 140
2024-03-14 06:32:39,985 WARN exited: horizon (exit status 1; not expected)
2024-03-14 06:32:43,003 INFO spawned: 'horizon' with pid 143
2024-03-14 06:32:43,774 WARN exited: horizon (exit status 1; not expected)
2024-03-14 06:32:44,779 INFO gave up: horizon entered FATAL state, too many start retries too quickly
2024-03-14 06:39:50,191 INFO reaped unknown pid 218 (exit status 0)
2024-03-14 06:46:49,663 INFO reaped unknown pid 278 (exit status 0)
